<?xml version="1.0" encoding="UTF-8"?>
<robot generator="Robot 7.4.2 (Python 3.14.4 on win32)" generated="2026-05-11T16:06:56.326718" rpa="false" schemaversion="5">
<suite id="s1" name="Tests" source="C:\Wipro Training\ROBOT\Robo_Project\tests">
<suite id="s1-s1" name="Login" source="C:\Wipro Training\ROBOT\Robo_Project\tests\login.robot">
<test id="s1-s1-t1" name="Verify User Can Login Successfully" line="5">
<kw name="Open Demoblaze Application" owner="login_keywords">
<kw name="Launch Demoblaze Application">
<msg time="2026-05-11T16:06:56.608473" level="FAIL">No keyword with name 'Launch Demoblaze Application' found.</msg>
<status status="FAIL" start="2026-05-11T16:06:56.608380" elapsed="0.000198">No keyword with name 'Launch Demoblaze Application' found.</status>
</kw>
<status status="FAIL" start="2026-05-11T16:06:56.604408" elapsed="0.004445">No keyword with name 'Launch Demoblaze Application' found.</status>
</kw>
<kw name="Click Login Menu" owner="login_keywords">
<status status="NOT RUN" start="2026-05-11T16:06:56.609597" elapsed="0.000064"/>
</kw>
<kw name="Enter Login Username" owner="login_keywords">
<status status="NOT RUN" start="2026-05-11T16:06:56.610275" elapsed="0.000053"/>
</kw>
<kw name="Enter Login Password" owner="login_keywords">
<status status="NOT RUN" start="2026-05-11T16:06:56.610730" elapsed="0.000056"/>
</kw>
<kw name="Click Login Button" owner="login_keywords">
<status status="NOT RUN" start="2026-05-11T16:06:56.611069" elapsed="0.000038"/>
</kw>
<kw name="Validate Successful Login" owner="login_keywords">
<status status="NOT RUN" start="2026-05-11T16:06:56.611350" elapsed="0.000035"/>
</kw>
<kw name="Close Application" owner="login_keywords">
<status status="NOT RUN" start="2026-05-11T16:06:56.611621" elapsed="0.000034"/>
</kw>
<status status="FAIL" start="2026-05-11T16:06:56.603143" elapsed="0.008936">No keyword with name 'Launch Demoblaze Application' found.</status>
</test>
<test id="s1-s1-t2" name="Verify Invalid User Login" line="14">
<kw name="Open Demoblaze Application" owner="login_keywords">
<kw name="Launch Demoblaze Application">
<msg time="2026-05-11T16:06:56.629861" level="FAIL">No keyword with name 'Launch Demoblaze Application' found.</msg>
<status status="FAIL" start="2026-05-11T16:06:56.629813" elapsed="0.000102">No keyword with name 'Launch Demoblaze Application' found.</status>
</kw>
<status status="FAIL" start="2026-05-11T16:06:56.627998" elapsed="0.002039">No keyword with name 'Launch Demoblaze Application' found.</status>
</kw>
<kw name="Click Login Menu" owner="login_keywords">
<status status="NOT RUN" start="2026-05-11T16:06:56.630322" elapsed="0.000039"/>
</kw>
<kw name="Enter Invalid Login Username" owner="login_keywords">
<status status="NOT RUN" start="2026-05-11T16:06:56.630622" elapsed="0.000038"/>
</kw>
<kw name="Enter Invalid Login Password" owner="login_keywords">
<status status="NOT RUN" start="2026-05-11T16:06:56.631010" elapsed="0.000056"/>
</kw>
<kw name="Click Login Button" owner="login_keywords">
<status status="NOT RUN" start="2026-05-11T16:06:56.631454" elapsed="0.000047"/>
</kw>
<kw name=" Validate Invalid Login Alert" owner="login_keywords">
<status status="NOT RUN" start="2026-05-11T16:06:56.631805" elapsed="0.000035"/>
</kw>
<kw name="Close Application" owner="login_keywords">
<status status="NOT RUN" start="2026-05-11T16:06:56.632098" elapsed="0.000038"/>
</kw>
<status status="FAIL" start="2026-05-11T16:06:56.627440" elapsed="0.004974">No keyword with name 'Launch Demoblaze Application' found.</status>
</test>
<status status="FAIL" start="2026-05-11T16:06:56.369358" elapsed="0.264061"/>
</suite>
<suite id="s1-s2" name="Signup" source="C:\Wipro Training\ROBOT\Robo_Project\tests\signup.robot">
<test id="s1-s2-t1" name="Verify User Can Signup Successfully" line="5">
<kw name="Open Demoblaze Application" owner="signup_keywords">
<kw name="Launch Demoblaze Application">
<msg time="2026-05-11T16:06:56.657093" level="FAIL">No keyword with name 'Launch Demoblaze Application' found.</msg>
<status status="FAIL" start="2026-05-11T16:06:56.657046" elapsed="0.000096">No keyword with name 'Launch Demoblaze Application' found.</status>
</kw>
<status status="FAIL" start="2026-05-11T16:06:56.655144" elapsed="0.002114">No keyword with name 'Launch Demoblaze Application' found.</status>
</kw>
<kw name="Click Signup Menu" owner="signup_keywords">
<status status="NOT RUN" start="2026-05-11T16:06:56.657528" elapsed="0.000037"/>
</kw>
<kw name="Enter Signup Username" owner="signup_keywords">
<status status="NOT RUN" start="2026-05-11T16:06:56.659119" elapsed="0.000053"/>
</kw>
<kw name="Enter Signup Password" owner="signup_keywords">
<status status="NOT RUN" start="2026-05-11T16:06:56.666229" elapsed="0.000063"/>
</kw>
<kw name="Click Signup Button" owner="signup_keywords">
<status status="NOT RUN" start="2026-05-11T16:06:56.667117" elapsed="0.000050"/>
</kw>
<kw name="Validate Signup Success Message" owner="signup_keywords">
<status status="NOT RUN" start="2026-05-11T16:06:56.667553" elapsed="0.000056"/>
</kw>
<kw name="Close Application" owner="signup_keywords">
<status status="NOT RUN" start="2026-05-11T16:06:56.667955" elapsed="0.000063"/>
</kw>
<status status="FAIL" start="2026-05-11T16:06:56.654347" elapsed="0.014032">No keyword with name 'Launch Demoblaze Application' found.</status>
</test>
<status status="FAIL" start="2026-05-11T16:06:56.634922" elapsed="0.034588"/>
</suite>
<status status="FAIL" start="2026-05-11T16:06:56.328827" elapsed="0.341653"/>
</suite>
<statistics>
<total>
<stat pass="0" fail="3" skip="0">All Tests</stat>
</total>
<tag>
</tag>
<suite>
<stat name="Tests" id="s1" pass="0" fail="3" skip="0">Tests</stat>
<stat name="Login" id="s1-s1" pass="0" fail="2" skip="0">Tests.Login</stat>
<stat name="Signup" id="s1-s2" pass="0" fail="1" skip="0">Tests.Signup</stat>
</suite>
</statistics>
<errors>
<msg time="2026-05-11T16:06:56.599556" level="ERROR">Error in file 'C:\Wipro Training\ROBOT\Robo_Project\resources\keywords\login_keywords.robot' on line 3: Importing library 'C:\Wipro Training\ROBOT\Robo_Project\resources\pages\LoginPage.py' failed: ModuleNotFoundError: No module named 'libraries'
Traceback (most recent call last):
  File "C:\Wipro Training\ROBOT\Robo_Project\resources\pages\LoginPage.py", line 9, in &lt;module&gt;
    from libraries.logger import LogGen
PYTHONPATH:
  C:\Wipro Training\ROBOT\Robo_Project\resources\pages
  C:\Wipro Training\ROBOT\Robo_Project\.venv\Scripts\robot.exe
  C:\Wipro Training\ROBOT\Robo_Project\.venv\Scripts\python314.zip
  C:\Program Files\Python314\DLLs
  C:\Program Files\Python314\Lib
  C:\Program Files\Python314
  C:\Wipro Training\ROBOT\Robo_Project\.venv
  C:\Wipro Training\ROBOT\Robo_Project\.venv\Lib\site-packages</msg>
<msg time="2026-05-11T16:06:56.651935" level="ERROR">Error in file 'C:\Wipro Training\ROBOT\Robo_Project\resources\keywords\signup_keywords.robot' on line 3: Importing library 'C:\Wipro Training\ROBOT\Robo_Project\resources\pages\SignupPage.py' failed: ModuleNotFoundError: No module named 'libraries'
Traceback (most recent call last):
  File "C:\Wipro Training\ROBOT\Robo_Project\resources\pages\SignupPage.py", line 5, in &lt;module&gt;
    from libraries.logger import LogGen
PYTHONPATH:
  C:\Wipro Training\ROBOT\Robo_Project\resources\pages
  C:\Wipro Training\ROBOT\Robo_Project\.venv\Scripts\robot.exe
  C:\Wipro Training\ROBOT\Robo_Project\.venv\Scripts\python314.zip
  C:\Program Files\Python314\DLLs
  C:\Program Files\Python314\Lib
  C:\Program Files\Python314
  C:\Wipro Training\ROBOT\Robo_Project\.venv
  C:\Wipro Training\ROBOT\Robo_Project\.venv\Lib\site-packages</msg>
</errors>
</robot>
